INFO:sqlalchemy.engine.Engine:select pg_catalog.version()
INFO:sqlalchemy.engine.Engine:[raw sql] {}
INFO:sqlalchemy.engine.Engine:select current_schema()
INFO:sqlalchemy.engine.Engine:[raw sql] {}
INFO:sqlalchemy.engine.Engine:show standard_conforming_strings
INFO:sqlalchemy.engine.Engine:[raw sql] {}
INFO:sqlalchemy.engine.Engine:BEGIN (implicit)
INFO:sqlalchemy.engine.Engine:SELECT instrument.id AS instrument_id, instrument.sector_id AS instrument_sector_id, instrument.currency_id AS instrument_currency_id, instrument.exchange_id AS instrument_exchange_id, instrument.asset_id AS instrument_asset_id, instrument.type_id AS instrument_type_id, instrument.uid AS instrument_uid, instrument.position_uid AS instrument_position_uid, instrument.figi AS instrument_figi, instrument.name AS instrument_name, instrument.lot AS instrument_lot, instrument.ticker AS instrument_ticker, instrument.class_code AS instrument_class_code 
FROM instrument 
WHERE instrument.uid = %(uid_1)s 
 LIMIT %(param_1)s
INFO:sqlalchemy.engine.Engine:[generated in 0.00015s] {'uid_1': '14b046ba-3fa1-424e-8a87-22437d941589', 'param_1': 1}
INFO:sqlalchemy.engine.Engine:SELECT instrument.id AS instrument_id, instrument.sector_id AS instrument_sector_id, instrument.currency_id AS instrument_currency_id, instrument.exchange_id AS instrument_exchange_id, instrument.asset_id AS instrument_asset_id, instrument.type_id AS instrument_type_id, instrument.uid AS instrument_uid, instrument.position_uid AS instrument_position_uid, instrument.figi AS instrument_figi, instrument.name AS instrument_name, instrument.lot AS instrument_lot, instrument.ticker AS instrument_ticker, instrument.class_code AS instrument_class_code 
FROM instrument 
WHERE instrument.uid = %(uid_1)s 
 LIMIT %(param_1)s
INFO:sqlalchemy.engine.Engine:[cached since 0.003571s ago] {'uid_1': 'e6123145-9665-43e0-8413-cd61b8aa9b13', 'param_1': 1}
INFO:sqlalchemy.engine.Engine:SELECT instrument.id AS instrument_id, instrument.sector_id AS instrument_sector_id, instrument.currency_id AS instrument_currency_id, instrument.exchange_id AS instrument_exchange_id, instrument.asset_id AS instrument_asset_id, instrument.type_id AS instrument_type_id, instrument.uid AS instrument_uid, instrument.position_uid AS instrument_position_uid, instrument.figi AS instrument_figi, instrument.name AS instrument_name, instrument.lot AS instrument_lot, instrument.ticker AS instrument_ticker, instrument.class_code AS instrument_class_code 
FROM instrument 
WHERE instrument.uid = %(uid_1)s 
 LIMIT %(param_1)s
INFO:sqlalchemy.engine.Engine:[cached since 0.00458s ago] {'uid_1': '2c7c296c-1f26-429f-ad8b-03fa1b6ba7fa', 'param_1': 1}
INFO:sqlalchemy.engine.Engine:SELECT instrument.id AS instrument_id, instrument.sector_id AS instrument_sector_id, instrument.currency_id AS instrument_currency_id, instrument.exchange_id AS instrument_exchange_id, instrument.asset_id AS instrument_asset_id, instrument.type_id AS instrument_type_id, instrument.uid AS instrument_uid, instrument.position_uid AS instrument_position_uid, instrument.figi AS instrument_figi, instrument.name AS instrument_name, instrument.lot AS instrument_lot, instrument.ticker AS instrument_ticker, instrument.class_code AS instrument_class_code 
FROM instrument 
WHERE instrument.uid = %(uid_1)s 
 LIMIT %(param_1)s
INFO:sqlalchemy.engine.Engine:[cached since 0.005497s ago] {'uid_1': 'de08affe-4fbd-454e-9fd1-46a81b23f870', 'param_1': 1}
INFO:sqlalchemy.engine.Engine:SELECT instrument.id AS instrument_id, instrument.sector_id AS instrument_sector_id, instrument.currency_id AS instrument_currency_id, instrument.exchange_id AS instrument_exchange_id, instrument.asset_id AS instrument_asset_id, instrument.type_id AS instrument_type_id, instrument.uid AS instrument_uid, instrument.position_uid AS instrument_position_uid, instrument.figi AS instrument_figi, instrument.name AS instrument_name, instrument.lot AS instrument_lot, instrument.ticker AS instrument_ticker, instrument.class_code AS instrument_class_code 
FROM instrument 
WHERE instrument.uid = %(uid_1)s 
 LIMIT %(param_1)s
INFO:sqlalchemy.engine.Engine:[cached since 0.01326s ago] {'uid_1': 'cf9ed7ef-784d-4c2c-aabe-362891fcd80c', 'param_1': 1}
INFO:sqlalchemy.engine.Engine:SELECT instrument.id AS instrument_id, instrument.sector_id AS instrument_sector_id, instrument.currency_id AS instrument_currency_id, instrument.exchange_id AS instrument_exchange_id, instrument.asset_id AS instrument_asset_id, instrument.type_id AS instrument_type_id, instrument.uid AS instrument_uid, instrument.position_uid AS instrument_position_uid, instrument.figi AS instrument_figi, instrument.name AS instrument_name, instrument.lot AS instrument_lot, instrument.ticker AS instrument_ticker, instrument.class_code AS instrument_class_code 
FROM instrument 
WHERE instrument.uid = %(uid_1)s 
 LIMIT %(param_1)s
INFO:sqlalchemy.engine.Engine:[cached since 0.01479s ago] {'uid_1': 'b993e814-9986-4434-ae88-b086066714a0', 'param_1': 1}
INFO:sqlalchemy.engine.Engine:SELECT instrument.id AS instrument_id, instrument.sector_id AS instrument_sector_id, instrument.currency_id AS instrument_currency_id, instrument.exchange_id AS instrument_exchange_id, instrument.asset_id AS instrument_asset_id, instrument.type_id AS instrument_type_id, instrument.uid AS instrument_uid, instrument.position_uid AS instrument_position_uid, instrument.figi AS instrument_figi, instrument.name AS instrument_name, instrument.lot AS instrument_lot, instrument.ticker AS instrument_ticker, instrument.class_code AS instrument_class_code 
FROM instrument 
WHERE instrument.uid = %(uid_1)s 
 LIMIT %(param_1)s
INFO:sqlalchemy.engine.Engine:[cached since 0.01582s ago] {'uid_1': 'b71bd174-c72c-41b0-a66f-5f9073e0d1f5', 'param_1': 1}
INFO:sqlalchemy.engine.Engine:SELECT instrument.id AS instrument_id, instrument.sector_id AS instrument_sector_id, instrument.currency_id AS instrument_currency_id, instrument.exchange_id AS instrument_exchange_id, instrument.asset_id AS instrument_asset_id, instrument.type_id AS instrument_type_id, instrument.uid AS instrument_uid, instrument.position_uid AS instrument_position_uid, instrument.figi AS instrument_figi, instrument.name AS instrument_name, instrument.lot AS instrument_lot, instrument.ticker AS instrument_ticker, instrument.class_code AS instrument_class_code 
FROM instrument 
WHERE instrument.uid = %(uid_1)s 
 LIMIT %(param_1)s
INFO:sqlalchemy.engine.Engine:[cached since 0.01675s ago] {'uid_1': '0da66728-6c30-44c4-9264-df8fac2467ee', 'param_1': 1}
INFO:sqlalchemy.engine.Engine:SELECT instrument.id AS instrument_id, instrument.sector_id AS instrument_sector_id, instrument.currency_id AS instrument_currency_id, instrument.exchange_id AS instrument_exchange_id, instrument.asset_id AS instrument_asset_id, instrument.type_id AS instrument_type_id, instrument.uid AS instrument_uid, instrument.position_uid AS instrument_position_uid, instrument.figi AS instrument_figi, instrument.name AS instrument_name, instrument.lot AS instrument_lot, instrument.ticker AS instrument_ticker, instrument.class_code AS instrument_class_code 
FROM instrument 
WHERE instrument.uid = %(uid_1)s 
 LIMIT %(param_1)s
INFO:sqlalchemy.engine.Engine:[cached since 0.01769s ago] {'uid_1': '5f1e6b0a-4413-489c-b336-40b43730eaf5', 'param_1': 1}
INFO:sqlalchemy.engine.Engine:SELECT instrument.id AS instrument_id, instrument.sector_id AS instrument_sector_id, instrument.currency_id AS instrument_currency_id, instrument.exchange_id AS instrument_exchange_id, instrument.asset_id AS instrument_asset_id, instrument.type_id AS instrument_type_id, instrument.uid AS instrument_uid, instrument.position_uid AS instrument_position_uid, instrument.figi AS instrument_figi, instrument.name AS instrument_name, instrument.lot AS instrument_lot, instrument.ticker AS instrument_ticker, instrument.class_code AS instrument_class_code 
FROM instrument 
WHERE instrument.uid = %(uid_1)s 
 LIMIT %(param_1)s
INFO:sqlalchemy.engine.Engine:[cached since 0.02934s ago] {'uid_1': '4c6ba3a9-3fa3-4a2c-aa07-7c094b8ba257', 'param_1': 1}
